2025-07-15 13:40:57,000 DEBUG    root            Loaded Command Group: ['gcloud', 'components']
2025-07-15 13:40:57,005 DEBUG    root            Loaded Command Group: ['gcloud', 'components', 'update']
2025-07-15 13:40:57,007 DEBUG    root            Running [gcloud.components.update] with arguments: [--compile-python: "True", --quiet: "True", COMPONENT-IDS:6: "['core', 'gcloud-deps', 'bq', 'gcloud', 'gcloud-crc32c', 'gsutil']"]
2025-07-15 13:40:57,008 INFO     ___FILE_ONLY___ Beginning update. This process may take several minutes.

2025-07-15 13:40:57,040 DEBUG    urllib3.connectionpool Starting new HTTPS connection (1): dl.google.com:443
2025-07-15 13:40:57,058 DEBUG    urllib3.connectionpool https://dl.google.com:443 "GET /dl/cloudsdk/channels/rapid/components-2.json HTTP/11" 200 239798
2025-07-15 13:40:57,070 INFO     ___FILE_ONLY___ 

2025-07-15 13:40:57,070 INFO     ___FILE_ONLY___ 
Your current Google Cloud CLI version is: 529.0.0

2025-07-15 13:40:57,071 INFO     ___FILE_ONLY___ Installing components from version: 529.0.0

2025-07-15 13:40:57,071 INFO     ___FILE_ONLY___ 

2025-07-15 13:40:57,071 DEBUG    root            Chosen display Format:table[box,title="These components will be removed."](details.display_name:label=Name:align=left,version.version_string:label=Version:align=right,data.size.size(zero="",min=1048576):label=Size:align=right)
2025-07-15 13:40:57,072 DEBUG    root            Chosen display Format:table[box,title="These components will be updated."](details.display_name:label=Name:align=left,version.version_string:label=Version:align=right,data.size.size(zero="",min=1048576):label=Size:align=right)
2025-07-15 13:40:57,072 DEBUG    root            Chosen display Format:table[box,title="These components will be installed."](details.display_name:label=Name:align=left,version.version_string:label=Version:align=right,data.size.size(zero="",min=1048576):label=Size:align=right)
2025-07-15 13:40:57,120 INFO     ___FILE_ONLY___ ┌─────────────────────────────────────────────────────────────────────────────┐
2025-07-15 13:40:57,120 INFO     ___FILE_ONLY___ 

2025-07-15 13:40:57,121 INFO     ___FILE_ONLY___ │                     These components will be installed.                     │
2025-07-15 13:40:57,121 INFO     ___FILE_ONLY___ 

2025-07-15 13:40:57,121 INFO     ___FILE_ONLY___ ├─────────────────────────────────────────────────────┬────────────┬──────────┤
2025-07-15 13:40:57,121 INFO     ___FILE_ONLY___ 

2025-07-15 13:40:57,121 INFO     ___FILE_ONLY___ │                         Name                        │  Version   │   Size   │
2025-07-15 13:40:57,121 INFO     ___FILE_ONLY___ 

2025-07-15 13:40:57,121 INFO     ___FILE_ONLY___ ├─────────────────────────────────────────────────────┼────────────┼──────────┤
2025-07-15 13:40:57,121 INFO     ___FILE_ONLY___ 

2025-07-15 13:40:57,121 INFO     ___FILE_ONLY___ │ 
2025-07-15 13:40:57,121 INFO     ___FILE_ONLY___ BigQuery Command Line Tool                         
2025-07-15 13:40:57,121 INFO     ___FILE_ONLY___  
2025-07-15 13:40:57,121 INFO     ___FILE_ONLY___ │ 
2025-07-15 13:40:57,121 INFO     ___FILE_ONLY___     2.1.19
2025-07-15 13:40:57,122 INFO     ___FILE_ONLY___  
2025-07-15 13:40:57,122 INFO     ___FILE_ONLY___ │ 
2025-07-15 13:40:57,122 INFO     ___FILE_ONLY___  1.8 MiB
2025-07-15 13:40:57,122 INFO     ___FILE_ONLY___  
2025-07-15 13:40:57,122 INFO     ___FILE_ONLY___ │
2025-07-15 13:40:57,122 INFO     ___FILE_ONLY___ 

2025-07-15 13:40:57,122 INFO     ___FILE_ONLY___ │ 
2025-07-15 13:40:57,122 INFO     ___FILE_ONLY___ BigQuery Command Line Tool (Platform Specific)     
2025-07-15 13:40:57,122 INFO     ___FILE_ONLY___  
2025-07-15 13:40:57,122 INFO     ___FILE_ONLY___ │ 
2025-07-15 13:40:57,122 INFO     ___FILE_ONLY___     2.1.17
2025-07-15 13:40:57,122 INFO     ___FILE_ONLY___  
2025-07-15 13:40:57,122 INFO     ___FILE_ONLY___ │ 
2025-07-15 13:40:57,122 INFO     ___FILE_ONLY___  < 1 MiB
2025-07-15 13:40:57,122 INFO     ___FILE_ONLY___  
2025-07-15 13:40:57,123 INFO     ___FILE_ONLY___ │
2025-07-15 13:40:57,123 INFO     ___FILE_ONLY___ 

2025-07-15 13:40:57,123 INFO     ___FILE_ONLY___ │ 
2025-07-15 13:40:57,123 INFO     ___FILE_ONLY___ Bundled Python 3.12 (Platform Specific)            
2025-07-15 13:40:57,123 INFO     ___FILE_ONLY___  
2025-07-15 13:40:57,123 INFO     ___FILE_ONLY___ │ 
2025-07-15 13:40:57,123 INFO     ___FILE_ONLY___     3.12.9
2025-07-15 13:40:57,123 INFO     ___FILE_ONLY___  
2025-07-15 13:40:57,123 INFO     ___FILE_ONLY___ │ 
2025-07-15 13:40:57,123 INFO     ___FILE_ONLY___ 89.3 MiB
2025-07-15 13:40:57,123 INFO     ___FILE_ONLY___  
2025-07-15 13:40:57,124 INFO     ___FILE_ONLY___ │
2025-07-15 13:40:57,124 INFO     ___FILE_ONLY___ 

2025-07-15 13:40:57,124 INFO     ___FILE_ONLY___ │ 
2025-07-15 13:40:57,124 INFO     ___FILE_ONLY___ Cloud Storage Command Line Tool                    
2025-07-15 13:40:57,124 INFO     ___FILE_ONLY___  
2025-07-15 13:40:57,124 INFO     ___FILE_ONLY___ │ 
2025-07-15 13:40:57,124 INFO     ___FILE_ONLY___       5.35
2025-07-15 13:40:57,124 INFO     ___FILE_ONLY___  
2025-07-15 13:40:57,124 INFO     ___FILE_ONLY___ │ 
2025-07-15 13:40:57,124 INFO     ___FILE_ONLY___ 12.4 MiB
2025-07-15 13:40:57,124 INFO     ___FILE_ONLY___  
2025-07-15 13:40:57,124 INFO     ___FILE_ONLY___ │
2025-07-15 13:40:57,124 INFO     ___FILE_ONLY___ 

2025-07-15 13:40:57,124 INFO     ___FILE_ONLY___ │ 
2025-07-15 13:40:57,124 INFO     ___FILE_ONLY___ Cloud Storage Command Line Tool (Platform Specific)
2025-07-15 13:40:57,124 INFO     ___FILE_ONLY___  
2025-07-15 13:40:57,125 INFO     ___FILE_ONLY___ │ 
2025-07-15 13:40:57,125 INFO     ___FILE_ONLY___       5.34
2025-07-15 13:40:57,125 INFO     ___FILE_ONLY___  
2025-07-15 13:40:57,125 INFO     ___FILE_ONLY___ │ 
2025-07-15 13:40:57,125 INFO     ___FILE_ONLY___  < 1 MiB
2025-07-15 13:40:57,125 INFO     ___FILE_ONLY___  
2025-07-15 13:40:57,125 INFO     ___FILE_ONLY___ │
2025-07-15 13:40:57,125 INFO     ___FILE_ONLY___ 

2025-07-15 13:40:57,125 INFO     ___FILE_ONLY___ │ 
2025-07-15 13:40:57,125 INFO     ___FILE_ONLY___ Google Cloud CLI Core Libraries (Platform Specific)
2025-07-15 13:40:57,125 INFO     ___FILE_ONLY___  
2025-07-15 13:40:57,125 INFO     ___FILE_ONLY___ │ 
2025-07-15 13:40:57,125 INFO     ___FILE_ONLY___ 2025.05.23
2025-07-15 13:40:57,126 INFO     ___FILE_ONLY___  
2025-07-15 13:40:57,126 INFO     ___FILE_ONLY___ │ 
2025-07-15 13:40:57,126 INFO     ___FILE_ONLY___  < 1 MiB
2025-07-15 13:40:57,126 INFO     ___FILE_ONLY___  
2025-07-15 13:40:57,126 INFO     ___FILE_ONLY___ │
2025-07-15 13:40:57,126 INFO     ___FILE_ONLY___ 

2025-07-15 13:40:57,126 INFO     ___FILE_ONLY___ │ 
2025-07-15 13:40:57,126 INFO     ___FILE_ONLY___ Google Cloud CRC32C Hash Tool (Platform Specific)  
2025-07-15 13:40:57,126 INFO     ___FILE_ONLY___  
2025-07-15 13:40:57,126 INFO     ___FILE_ONLY___ │ 
2025-07-15 13:40:57,126 INFO     ___FILE_ONLY___      1.0.0
2025-07-15 13:40:57,126 INFO     ___FILE_ONLY___  
2025-07-15 13:40:57,126 INFO     ___FILE_ONLY___ │ 
2025-07-15 13:40:57,126 INFO     ___FILE_ONLY___  1.5 MiB
2025-07-15 13:40:57,127 INFO     ___FILE_ONLY___  
2025-07-15 13:40:57,127 INFO     ___FILE_ONLY___ │
2025-07-15 13:40:57,127 INFO     ___FILE_ONLY___ 

2025-07-15 13:40:57,127 INFO     ___FILE_ONLY___ │ 
2025-07-15 13:40:57,127 INFO     ___FILE_ONLY___ gcloud cli dependencies (Platform Specific)        
2025-07-15 13:40:57,127 INFO     ___FILE_ONLY___  
2025-07-15 13:40:57,127 INFO     ___FILE_ONLY___ │ 
2025-07-15 13:40:57,127 INFO     ___FILE_ONLY___ 2021.04.16
2025-07-15 13:40:57,127 INFO     ___FILE_ONLY___  
2025-07-15 13:40:57,127 INFO     ___FILE_ONLY___ │ 
2025-07-15 13:40:57,127 INFO     ___FILE_ONLY___  < 1 MiB
2025-07-15 13:40:57,127 INFO     ___FILE_ONLY___  
2025-07-15 13:40:57,127 INFO     ___FILE_ONLY___ │
2025-07-15 13:40:57,127 INFO     ___FILE_ONLY___ 

2025-07-15 13:40:57,127 INFO     ___FILE_ONLY___ └─────────────────────────────────────────────────────┴────────────┴──────────┘
2025-07-15 13:40:57,128 INFO     ___FILE_ONLY___ 

2025-07-15 13:40:57,128 INFO     ___FILE_ONLY___ 

2025-07-15 13:40:57,133 DEBUG    urllib3.connectionpool Starting new HTTPS connection (1): dl.google.com:443
2025-07-15 13:40:57,147 DEBUG    urllib3.connectionpool https://dl.google.com:443 "GET /dl/cloudsdk/channels/rapid/RELEASE_NOTES HTTP/11" 200 1444035
2025-07-15 13:40:57,641 INFO     ___FILE_ONLY___ For the latest full release notes, please visit:
  https://cloud.google.com/sdk/release_notes


2025-07-15 13:40:57,642 INFO     ___FILE_ONLY___ Performing in place update...


2025-07-15 13:40:57,644 INFO     ___FILE_ONLY___ ╔════════════════════════════════════════════════════════════╗

2025-07-15 13:40:57,644 INFO     ___FILE_ONLY___ ╠═ Downloading: BigQuery Command Line Tool                  ═╣

2025-07-15 13:40:57,644 INFO     ___FILE_ONLY___ ╚
2025-07-15 13:40:57,647 DEBUG    urllib3.connectionpool Starting new HTTPS connection (1): dl.google.com:443
2025-07-15 13:40:57,659 DEBUG    urllib3.connectionpool https://dl.google.com:443 "GET /dl/cloudsdk/channels/rapid/components/google-cloud-sdk-bq-20250627154417.tar.gz HTTP/11" 200 1850167
2025-07-15 13:40:57,671 INFO     ___FILE_ONLY___ ═
2025-07-15 13:40:57,671 INFO     ___FILE_ONLY___ ═
2025-07-15 13:40:57,671 INFO     ___FILE_ONLY___ ═
2025-07-15 13:40:57,671 INFO     ___FILE_ONLY___ ═
2025-07-15 13:40:57,671 INFO     ___FILE_ONLY___ ═
2025-07-15 13:40:57,672 INFO     ___FILE_ONLY___ ═
2025-07-15 13:40:57,672 INFO     ___FILE_ONLY___ ═
2025-07-15 13:40:57,672 INFO     ___FILE_ONLY___ ═
2025-07-15 13:40:57,672 INFO     ___FILE_ONLY___ ═
2025-07-15 13:40:57,672 INFO     ___FILE_ONLY___ ═
2025-07-15 13:40:57,672 INFO     ___FILE_ONLY___ ═
2025-07-15 13:40:57,672 INFO     ___FILE_ONLY___ ═
2025-07-15 13:40:57,672 INFO     ___FILE_ONLY___ ═
2025-07-15 13:40:57,673 INFO     ___FILE_ONLY___ ═
2025-07-15 13:40:57,673 INFO     ___FILE_ONLY___ ═
2025-07-15 13:40:57,673 INFO     ___FILE_ONLY___ ═
2025-07-15 13:40:57,673 INFO     ___FILE_ONLY___ ═
2025-07-15 13:40:57,673 INFO     ___FILE_ONLY___ ═
2025-07-15 13:40:57,673 INFO     ___FILE_ONLY___ ═
2025-07-15 13:40:57,673 INFO     ___FILE_ONLY___ ═
2025-07-15 13:40:57,674 INFO     ___FILE_ONLY___ ═
2025-07-15 13:40:57,674 INFO     ___FILE_ONLY___ ═
2025-07-15 13:40:57,674 INFO     ___FILE_ONLY___ ═
2025-07-15 13:40:57,674 INFO     ___FILE_ONLY___ ═
2025-07-15 13:40:57,674 INFO     ___FILE_ONLY___ ═
2025-07-15 13:40:57,674 INFO     ___FILE_ONLY___ ═
2025-07-15 13:40:57,674 INFO     ___FILE_ONLY___ ═
2025-07-15 13:40:57,674 INFO     ___FILE_ONLY___ ═
2025-07-15 13:40:57,675 INFO     ___FILE_ONLY___ ═
2025-07-15 13:40:57,675 INFO     ___FILE_ONLY___ ═
2025-07-15 13:40:57,675 INFO     ___FILE_ONLY___ ═
2025-07-15 13:40:57,675 INFO     ___FILE_ONLY___ ═
2025-07-15 13:40:57,675 INFO     ___FILE_ONLY___ ═
2025-07-15 13:40:57,675 INFO     ___FILE_ONLY___ ═
2025-07-15 13:40:57,675 INFO     ___FILE_ONLY___ ═
2025-07-15 13:40:57,675 INFO     ___FILE_ONLY___ ═
2025-07-15 13:40:57,676 INFO     ___FILE_ONLY___ ═
2025-07-15 13:40:57,676 INFO     ___FILE_ONLY___ ═
2025-07-15 13:40:57,676 INFO     ___FILE_ONLY___ ═
2025-07-15 13:40:57,676 INFO     ___FILE_ONLY___ ═
2025-07-15 13:40:57,676 INFO     ___FILE_ONLY___ ═
2025-07-15 13:40:57,676 INFO     ___FILE_ONLY___ ═
2025-07-15 13:40:57,676 INFO     ___FILE_ONLY___ ═
2025-07-15 13:40:57,676 INFO     ___FILE_ONLY___ ═
2025-07-15 13:40:57,677 INFO     ___FILE_ONLY___ ═
2025-07-15 13:40:57,677 INFO     ___FILE_ONLY___ ═
2025-07-15 13:40:57,677 INFO     ___FILE_ONLY___ ═
2025-07-15 13:40:57,677 INFO     ___FILE_ONLY___ ═
2025-07-15 13:40:57,677 INFO     ___FILE_ONLY___ ═
2025-07-15 13:40:57,677 INFO     ___FILE_ONLY___ ═
2025-07-15 13:40:57,677 INFO     ___FILE_ONLY___ ═
2025-07-15 13:40:57,677 INFO     ___FILE_ONLY___ ═
2025-07-15 13:40:57,678 INFO     ___FILE_ONLY___ ═
2025-07-15 13:40:57,678 INFO     ___FILE_ONLY___ ═
2025-07-15 13:40:57,678 INFO     ___FILE_ONLY___ ═
2025-07-15 13:40:57,678 INFO     ___FILE_ONLY___ ═
2025-07-15 13:40:57,678 INFO     ___FILE_ONLY___ ═
2025-07-15 13:40:57,678 INFO     ___FILE_ONLY___ ═
2025-07-15 13:40:57,678 INFO     ___FILE_ONLY___ ═
2025-07-15 13:40:57,678 INFO     ___FILE_ONLY___ ═
2025-07-15 13:40:57,679 INFO     ___FILE_ONLY___ ╝

2025-07-15 13:40:57,681 INFO     ___FILE_ONLY___ ╔════════════════════════════════════════════════════════════╗

2025-07-15 13:40:57,681 INFO     ___FILE_ONLY___ ╠═ Downloading: BigQuery Command Line Tool (Platform Spe... ═╣

2025-07-15 13:40:57,681 INFO     ___FILE_ONLY___ ╚
2025-07-15 13:40:57,685 DEBUG    urllib3.connectionpool Starting new HTTPS connection (1): dl.google.com:443
2025-07-15 13:40:57,729 DEBUG    urllib3.connectionpool https://dl.google.com:443 "GET /dl/cloudsdk/channels/rapid/components/google-cloud-sdk-bq-nix-20250523104322.tar.gz HTTP/11" 200 1935
2025-07-15 13:40:57,729 INFO     ___FILE_ONLY___ ════════════════════════════════════════════════════════════
2025-07-15 13:40:57,729 INFO     ___FILE_ONLY___ ╝

2025-07-15 13:40:57,731 INFO     ___FILE_ONLY___ ╔════════════════════════════════════════════════════════════╗

2025-07-15 13:40:57,732 INFO     ___FILE_ONLY___ ╠═ Downloading: Bundled Python 3.12                         ═╣

2025-07-15 13:40:57,732 INFO     ___FILE_ONLY___ ╚
2025-07-15 13:40:57,732 INFO     ___FILE_ONLY___ ════════════════════════════════════════════════════════════
2025-07-15 13:40:57,732 INFO     ___FILE_ONLY___ ╝

2025-07-15 13:40:57,734 INFO     ___FILE_ONLY___ ╔════════════════════════════════════════════════════════════╗

2025-07-15 13:40:57,734 INFO     ___FILE_ONLY___ ╠═ Downloading: Bundled Python 3.12 (Platform Specific)     ═╣

2025-07-15 13:40:57,734 INFO     ___FILE_ONLY___ ╚
2025-07-15 13:40:57,737 DEBUG    urllib3.connectionpool Starting new HTTPS connection (1): dl.google.com:443
2025-07-15 13:40:57,789 DEBUG    urllib3.connectionpool https://dl.google.com:443 "GET /dl/cloudsdk/channels/rapid/components/google-cloud-sdk-bundled-python3-unix-linux-x86_64-20250502143716.tar.gz HTTP/11" 200 93610468
2025-07-15 13:40:58,112 INFO     ___FILE_ONLY___ ═
2025-07-15 13:40:58,114 INFO     ___FILE_ONLY___ ═
2025-07-15 13:40:58,116 INFO     ___FILE_ONLY___ ═
2025-07-15 13:40:58,117 INFO     ___FILE_ONLY___ ═
2025-07-15 13:40:58,119 INFO     ___FILE_ONLY___ ═
2025-07-15 13:40:58,121 INFO     ___FILE_ONLY___ ═
2025-07-15 13:40:58,123 INFO     ___FILE_ONLY___ ═
2025-07-15 13:40:58,124 INFO     ___FILE_ONLY___ ═
2025-07-15 13:40:58,126 INFO     ___FILE_ONLY___ ═
2025-07-15 13:40:58,128 INFO     ___FILE_ONLY___ ═
2025-07-15 13:40:58,129 INFO     ___FILE_ONLY___ ═
2025-07-15 13:40:58,131 INFO     ___FILE_ONLY___ ═
2025-07-15 13:40:58,133 INFO     ___FILE_ONLY___ ═
2025-07-15 13:40:58,135 INFO     ___FILE_ONLY___ ═
2025-07-15 13:40:58,136 INFO     ___FILE_ONLY___ ═
2025-07-15 13:40:58,138 INFO     ___FILE_ONLY___ ═
2025-07-15 13:40:58,140 INFO     ___FILE_ONLY___ ═
2025-07-15 13:40:58,141 INFO     ___FILE_ONLY___ ═
2025-07-15 13:40:58,143 INFO     ___FILE_ONLY___ ═
2025-07-15 13:40:58,145 INFO     ___FILE_ONLY___ ═
2025-07-15 13:40:58,146 INFO     ___FILE_ONLY___ ═
2025-07-15 13:40:58,148 INFO     ___FILE_ONLY___ ═
2025-07-15 13:40:58,150 INFO     ___FILE_ONLY___ ═
2025-07-15 13:40:58,152 INFO     ___FILE_ONLY___ ═
2025-07-15 13:40:58,153 INFO     ___FILE_ONLY___ ═
2025-07-15 13:40:58,155 INFO     ___FILE_ONLY___ ═
2025-07-15 13:40:58,157 INFO     ___FILE_ONLY___ ═
2025-07-15 13:40:58,158 INFO     ___FILE_ONLY___ ═
2025-07-15 13:40:58,160 INFO     ___FILE_ONLY___ ═
2025-07-15 13:40:58,162 INFO     ___FILE_ONLY___ ═
2025-07-15 13:40:58,163 INFO     ___FILE_ONLY___ ═
2025-07-15 13:40:58,165 INFO     ___FILE_ONLY___ ═
2025-07-15 13:40:58,167 INFO     ___FILE_ONLY___ ═
2025-07-15 13:40:58,168 INFO     ___FILE_ONLY___ ═
2025-07-15 13:40:58,170 INFO     ___FILE_ONLY___ ═
2025-07-15 13:40:58,172 INFO     ___FILE_ONLY___ ═
2025-07-15 13:40:58,173 INFO     ___FILE_ONLY___ ═
2025-07-15 13:40:58,175 INFO     ___FILE_ONLY___ ═
2025-07-15 13:40:58,177 INFO     ___FILE_ONLY___ ═
2025-07-15 13:40:58,178 INFO     ___FILE_ONLY___ ═
2025-07-15 13:40:58,180 INFO     ___FILE_ONLY___ ═
2025-07-15 13:40:58,182 INFO     ___FILE_ONLY___ ═
2025-07-15 13:40:58,183 INFO     ___FILE_ONLY___ ═
2025-07-15 13:40:58,185 INFO     ___FILE_ONLY___ ═
2025-07-15 13:40:58,187 INFO     ___FILE_ONLY___ ═
2025-07-15 13:40:58,189 INFO     ___FILE_ONLY___ ═
2025-07-15 13:40:58,190 INFO     ___FILE_ONLY___ ═
2025-07-15 13:40:58,192 INFO     ___FILE_ONLY___ ═
2025-07-15 13:40:58,194 INFO     ___FILE_ONLY___ ═
2025-07-15 13:40:58,195 INFO     ___FILE_ONLY___ ═
2025-07-15 13:40:58,197 INFO     ___FILE_ONLY___ ═
2025-07-15 13:40:58,199 INFO     ___FILE_ONLY___ ═
2025-07-15 13:40:58,200 INFO     ___FILE_ONLY___ ═
2025-07-15 13:40:58,202 INFO     ___FILE_ONLY___ ═
2025-07-15 13:40:58,204 INFO     ___FILE_ONLY___ ═
2025-07-15 13:40:58,205 INFO     ___FILE_ONLY___ ═
2025-07-15 13:40:58,207 INFO     ___FILE_ONLY___ ═
2025-07-15 13:40:58,209 INFO     ___FILE_ONLY___ ═
2025-07-15 13:40:58,211 INFO     ___FILE_ONLY___ ═
2025-07-15 13:40:58,212 INFO     ___FILE_ONLY___ ═
2025-07-15 13:40:58,212 INFO     ___FILE_ONLY___ ╝

2025-07-15 13:40:58,216 INFO     ___FILE_ONLY___ ╔════════════════════════════════════════════════════════════╗

2025-07-15 13:40:58,216 INFO     ___FILE_ONLY___ ╠═ Downloading: Cloud Storage Command Line Tool             ═╣

2025-07-15 13:40:58,216 INFO     ___FILE_ONLY___ ╚
2025-07-15 13:40:58,219 DEBUG    urllib3.connectionpool Starting new HTTPS connection (1): dl.google.com:443
2025-07-15 13:40:58,232 DEBUG    urllib3.connectionpool https://dl.google.com:443 "GET /dl/cloudsdk/channels/rapid/components/google-cloud-sdk-gsutil-20250627154417.tar.gz HTTP/11" 200 12962791
2025-07-15 13:40:58,286 INFO     ___FILE_ONLY___ ═
2025-07-15 13:40:58,286 INFO     ___FILE_ONLY___ ═
2025-07-15 13:40:58,286 INFO     ___FILE_ONLY___ ═
2025-07-15 13:40:58,287 INFO     ___FILE_ONLY___ ═
2025-07-15 13:40:58,287 INFO     ___FILE_ONLY___ ═
2025-07-15 13:40:58,287 INFO     ___FILE_ONLY___ ═
2025-07-15 13:40:58,288 INFO     ___FILE_ONLY___ ═
2025-07-15 13:40:58,288 INFO     ___FILE_ONLY___ ═
2025-07-15 13:40:58,289 INFO     ___FILE_ONLY___ ═
2025-07-15 13:40:58,289 INFO     ___FILE_ONLY___ ═
2025-07-15 13:40:58,289 INFO     ___FILE_ONLY___ ═
2025-07-15 13:40:58,290 INFO     ___FILE_ONLY___ ═
2025-07-15 13:40:58,290 INFO     ___FILE_ONLY___ ═
2025-07-15 13:40:58,290 INFO     ___FILE_ONLY___ ═
2025-07-15 13:40:58,291 INFO     ___FILE_ONLY___ ═
2025-07-15 13:40:58,291 INFO     ___FILE_ONLY___ ═
2025-07-15 13:40:58,291 INFO     ___FILE_ONLY___ ═
2025-07-15 13:40:58,292 INFO     ___FILE_ONLY___ ═
2025-07-15 13:40:58,292 INFO     ___FILE_ONLY___ ═
2025-07-15 13:40:58,292 INFO     ___FILE_ONLY___ ═
2025-07-15 13:40:58,293 INFO     ___FILE_ONLY___ ═
2025-07-15 13:40:58,293 INFO     ___FILE_ONLY___ ═
2025-07-15 13:40:58,294 INFO     ___FILE_ONLY___ ═
2025-07-15 13:40:58,294 INFO     ___FILE_ONLY___ ═
2025-07-15 13:40:58,294 INFO     ___FILE_ONLY___ ═
2025-07-15 13:40:58,295 INFO     ___FILE_ONLY___ ═
2025-07-15 13:40:58,295 INFO     ___FILE_ONLY___ ═
2025-07-15 13:40:58,295 INFO     ___FILE_ONLY___ ═
2025-07-15 13:40:58,296 INFO     ___FILE_ONLY___ ═
2025-07-15 13:40:58,296 INFO     ___FILE_ONLY___ ═
2025-07-15 13:40:58,296 INFO     ___FILE_ONLY___ ═
2025-07-15 13:40:58,297 INFO     ___FILE_ONLY___ ═
2025-07-15 13:40:58,297 INFO     ___FILE_ONLY___ ═
2025-07-15 13:40:58,297 INFO     ___FILE_ONLY___ ═
2025-07-15 13:40:58,298 INFO     ___FILE_ONLY___ ═
2025-07-15 13:40:58,298 INFO     ___FILE_ONLY___ ═
2025-07-15 13:40:58,298 INFO     ___FILE_ONLY___ ═
2025-07-15 13:40:58,299 INFO     ___FILE_ONLY___ ═
2025-07-15 13:40:58,299 INFO     ___FILE_ONLY___ ═
2025-07-15 13:40:58,299 INFO     ___FILE_ONLY___ ═
2025-07-15 13:40:58,300 INFO     ___FILE_ONLY___ ═
2025-07-15 13:40:58,300 INFO     ___FILE_ONLY___ ═
2025-07-15 13:40:58,300 INFO     ___FILE_ONLY___ ═
2025-07-15 13:40:58,301 INFO     ___FILE_ONLY___ ═
2025-07-15 13:40:58,301 INFO     ___FILE_ONLY___ ═
2025-07-15 13:40:58,302 INFO     ___FILE_ONLY___ ═
2025-07-15 13:40:58,302 INFO     ___FILE_ONLY___ ═
2025-07-15 13:40:58,302 INFO     ___FILE_ONLY___ ═
2025-07-15 13:40:58,303 INFO     ___FILE_ONLY___ ═
2025-07-15 13:40:58,303 INFO     ___FILE_ONLY___ ═
2025-07-15 13:40:58,304 INFO     ___FILE_ONLY___ ═
2025-07-15 13:40:58,304 INFO     ___FILE_ONLY___ ═
2025-07-15 13:40:58,304 INFO     ___FILE_ONLY___ ═
2025-07-15 13:40:58,305 INFO     ___FILE_ONLY___ ═
2025-07-15 13:40:58,305 INFO     ___FILE_ONLY___ ═
2025-07-15 13:40:58,305 INFO     ___FILE_ONLY___ ═
2025-07-15 13:40:58,306 INFO     ___FILE_ONLY___ ═
2025-07-15 13:40:58,306 INFO     ___FILE_ONLY___ ═
2025-07-15 13:40:58,306 INFO     ___FILE_ONLY___ ═
2025-07-15 13:40:58,307 INFO     ___FILE_ONLY___ ═
2025-07-15 13:40:58,307 INFO     ___FILE_ONLY___ ╝

2025-07-15 13:40:58,309 INFO     ___FILE_ONLY___ ╔════════════════════════════════════════════════════════════╗

2025-07-15 13:40:58,309 INFO     ___FILE_ONLY___ ╠═ Downloading: Cloud Storage Command Line Tool (Platfor... ═╣

2025-07-15 13:40:58,309 INFO     ___FILE_ONLY___ ╚
2025-07-15 13:40:58,313 DEBUG    urllib3.connectionpool Starting new HTTPS connection (1): dl.google.com:443
2025-07-15 13:40:58,366 DEBUG    urllib3.connectionpool https://dl.google.com:443 "GET /dl/cloudsdk/channels/rapid/components/google-cloud-sdk-gsutil-nix-20250523104322.tar.gz HTTP/11" 200 1950
2025-07-15 13:40:58,367 INFO     ___FILE_ONLY___ ════════════════════════════════════════════════════════════
2025-07-15 13:40:58,367 INFO     ___FILE_ONLY___ ╝

2025-07-15 13:40:58,369 INFO     ___FILE_ONLY___ ╔════════════════════════════════════════════════════════════╗

2025-07-15 13:40:58,369 INFO     ___FILE_ONLY___ ╠═ Downloading: Default set of gcloud commands              ═╣

2025-07-15 13:40:58,369 INFO     ___FILE_ONLY___ ╚
2025-07-15 13:40:58,369 INFO     ___FILE_ONLY___ ════════════════════════════════════════════════════════════
2025-07-15 13:40:58,369 INFO     ___FILE_ONLY___ ╝

2025-07-15 13:40:58,371 INFO     ___FILE_ONLY___ ╔════════════════════════════════════════════════════════════╗

2025-07-15 13:40:58,371 INFO     ___FILE_ONLY___ ╠═ Downloading: Google Cloud CLI Core Libraries (Platfor... ═╣

2025-07-15 13:40:58,371 INFO     ___FILE_ONLY___ ╚
2025-07-15 13:40:58,374 DEBUG    urllib3.connectionpool Starting new HTTPS connection (1): dl.google.com:443
2025-07-15 13:40:58,427 DEBUG    urllib3.connectionpool https://dl.google.com:443 "GET /dl/cloudsdk/channels/rapid/components/google-cloud-sdk-core-nix-20250523104322.tar.gz HTTP/11" 200 2325
2025-07-15 13:40:58,428 INFO     ___FILE_ONLY___ ════════════════════════════════════════════════════════════
2025-07-15 13:40:58,428 INFO     ___FILE_ONLY___ ╝

2025-07-15 13:40:58,430 INFO     ___FILE_ONLY___ ╔════════════════════════════════════════════════════════════╗

2025-07-15 13:40:58,430 INFO     ___FILE_ONLY___ ╠═ Downloading: Google Cloud CRC32C Hash Tool               ═╣

2025-07-15 13:40:58,430 INFO     ___FILE_ONLY___ ╚
2025-07-15 13:40:58,430 INFO     ___FILE_ONLY___ ════════════════════════════════════════════════════════════
2025-07-15 13:40:58,430 INFO     ___FILE_ONLY___ ╝

2025-07-15 13:40:58,432 INFO     ___FILE_ONLY___ ╔════════════════════════════════════════════════════════════╗

2025-07-15 13:40:58,432 INFO     ___FILE_ONLY___ ╠═ Downloading: Google Cloud CRC32C Hash Tool (Platform ... ═╣

2025-07-15 13:40:58,432 INFO     ___FILE_ONLY___ ╚
2025-07-15 13:40:58,435 DEBUG    urllib3.connectionpool Starting new HTTPS connection (1): dl.google.com:443
2025-07-15 13:40:58,450 DEBUG    urllib3.connectionpool https://dl.google.com:443 "GET /dl/cloudsdk/channels/rapid/components/google-cloud-sdk-gcloud-crc32c-linux-x86_64-20250613150750.tar.gz HTTP/11" 200 1525557
2025-07-15 13:40:58,460 INFO     ___FILE_ONLY___ ═
2025-07-15 13:40:58,460 INFO     ___FILE_ONLY___ ═
2025-07-15 13:40:58,460 INFO     ___FILE_ONLY___ ═
2025-07-15 13:40:58,460 INFO     ___FILE_ONLY___ ═
2025-07-15 13:40:58,461 INFO     ___FILE_ONLY___ ═
2025-07-15 13:40:58,461 INFO     ___FILE_ONLY___ ═
2025-07-15 13:40:58,461 INFO     ___FILE_ONLY___ ═
2025-07-15 13:40:58,461 INFO     ___FILE_ONLY___ ═
2025-07-15 13:40:58,461 INFO     ___FILE_ONLY___ ═
2025-07-15 13:40:58,461 INFO     ___FILE_ONLY___ ═
2025-07-15 13:40:58,461 INFO     ___FILE_ONLY___ ═
2025-07-15 13:40:58,462 INFO     ___FILE_ONLY___ ═
2025-07-15 13:40:58,462 INFO     ___FILE_ONLY___ ═
2025-07-15 13:40:58,462 INFO     ___FILE_ONLY___ ═
2025-07-15 13:40:58,462 INFO     ___FILE_ONLY___ ═
2025-07-15 13:40:58,462 INFO     ___FILE_ONLY___ ═
2025-07-15 13:40:58,462 INFO     ___FILE_ONLY___ ═
2025-07-15 13:40:58,462 INFO     ___FILE_ONLY___ ═
2025-07-15 13:40:58,462 INFO     ___FILE_ONLY___ ═
2025-07-15 13:40:58,463 INFO     ___FILE_ONLY___ ═
2025-07-15 13:40:58,463 INFO     ___FILE_ONLY___ ═
2025-07-15 13:40:58,463 INFO     ___FILE_ONLY___ ═
2025-07-15 13:40:58,463 INFO     ___FILE_ONLY___ ═
2025-07-15 13:40:58,463 INFO     ___FILE_ONLY___ ═
2025-07-15 13:40:58,463 INFO     ___FILE_ONLY___ ═
2025-07-15 13:40:58,463 INFO     ___FILE_ONLY___ ═
2025-07-15 13:40:58,463 INFO     ___FILE_ONLY___ ═
2025-07-15 13:40:58,463 INFO     ___FILE_ONLY___ ═
2025-07-15 13:40:58,464 INFO     ___FILE_ONLY___ ═
2025-07-15 13:40:58,464 INFO     ___FILE_ONLY___ ═
2025-07-15 13:40:58,464 INFO     ___FILE_ONLY___ ═
2025-07-15 13:40:58,464 INFO     ___FILE_ONLY___ ═
2025-07-15 13:40:58,464 INFO     ___FILE_ONLY___ ═
2025-07-15 13:40:58,464 INFO     ___FILE_ONLY___ ═
2025-07-15 13:40:58,464 INFO     ___FILE_ONLY___ ═
2025-07-15 13:40:58,464 INFO     ___FILE_ONLY___ ═
2025-07-15 13:40:58,465 INFO     ___FILE_ONLY___ ═
2025-07-15 13:40:58,465 INFO     ___FILE_ONLY___ ═
2025-07-15 13:40:58,465 INFO     ___FILE_ONLY___ ═
2025-07-15 13:40:58,465 INFO     ___FILE_ONLY___ ═
2025-07-15 13:40:58,465 INFO     ___FILE_ONLY___ ═
2025-07-15 13:40:58,465 INFO     ___FILE_ONLY___ ═
2025-07-15 13:40:58,465 INFO     ___FILE_ONLY___ ═
2025-07-15 13:40:58,465 INFO     ___FILE_ONLY___ ═
2025-07-15 13:40:58,465 INFO     ___FILE_ONLY___ ═
2025-07-15 13:40:58,466 INFO     ___FILE_ONLY___ ═
2025-07-15 13:40:58,466 INFO     ___FILE_ONLY___ ═
2025-07-15 13:40:58,466 INFO     ___FILE_ONLY___ ═
2025-07-15 13:40:58,466 INFO     ___FILE_ONLY___ ═
2025-07-15 13:40:58,466 INFO     ___FILE_ONLY___ ═
2025-07-15 13:40:58,466 INFO     ___FILE_ONLY___ ═
2025-07-15 13:40:58,466 INFO     ___FILE_ONLY___ ═
2025-07-15 13:40:58,466 INFO     ___FILE_ONLY___ ═
2025-07-15 13:40:58,467 INFO     ___FILE_ONLY___ ═
2025-07-15 13:40:58,467 INFO     ___FILE_ONLY___ ═
2025-07-15 13:40:58,467 INFO     ___FILE_ONLY___ ═
2025-07-15 13:40:58,467 INFO     ___FILE_ONLY___ ═
2025-07-15 13:40:58,467 INFO     ___FILE_ONLY___ ═
2025-07-15 13:40:58,467 INFO     ___FILE_ONLY___ ═
2025-07-15 13:40:58,467 INFO     ___FILE_ONLY___ ═
2025-07-15 13:40:58,467 INFO     ___FILE_ONLY___ ╝

2025-07-15 13:40:58,469 INFO     ___FILE_ONLY___ ╔════════════════════════════════════════════════════════════╗

2025-07-15 13:40:58,469 INFO     ___FILE_ONLY___ ╠═ Downloading: gcloud cli dependencies (Platform Specific) ═╣

2025-07-15 13:40:58,469 INFO     ___FILE_ONLY___ ╚
2025-07-15 13:40:58,472 DEBUG    urllib3.connectionpool Starting new HTTPS connection (1): dl.google.com:443
2025-07-15 13:40:58,486 DEBUG    urllib3.connectionpool https://dl.google.com:443 "GET /dl/cloudsdk/channels/rapid/components/google-cloud-sdk-gcloud-deps-linux-x86_64-20210416153011.tar.gz HTTP/11" 200 104
2025-07-15 13:40:58,487 INFO     ___FILE_ONLY___ ════════════════════════════════════════════════════════════
2025-07-15 13:40:58,487 INFO     ___FILE_ONLY___ ╝

2025-07-15 13:40:58,489 INFO     ___FILE_ONLY___ ╔════════════════════════════════════════════════════════════╗

2025-07-15 13:40:58,489 INFO     ___FILE_ONLY___ ╠═ Installing: BigQuery Command Line Tool                   ═╣

2025-07-15 13:40:58,489 INFO     ___FILE_ONLY___ ╚
2025-07-15 13:40:58,582 INFO     ___FILE_ONLY___ ═
2025-07-15 13:40:58,585 INFO     ___FILE_ONLY___ ═
2025-07-15 13:40:58,587 INFO     ___FILE_ONLY___ ═
2025-07-15 13:40:58,589 INFO     ___FILE_ONLY___ ═
2025-07-15 13:40:58,592 INFO     ___FILE_ONLY___ ═
2025-07-15 13:40:58,594 INFO     ___FILE_ONLY___ ═
2025-07-15 13:40:58,597 INFO     ___FILE_ONLY___ ═
2025-07-15 13:40:58,598 INFO     ___FILE_ONLY___ ═
2025-07-15 13:40:58,601 INFO     ___FILE_ONLY___ ═
2025-07-15 13:40:58,603 INFO     ___FILE_ONLY___ ═
2025-07-15 13:40:58,605 INFO     ___FILE_ONLY___ ═
2025-07-15 13:40:58,607 INFO     ___FILE_ONLY___ ═
2025-07-15 13:40:58,609 INFO     ___FILE_ONLY___ ═
2025-07-15 13:40:58,611 INFO     ___FILE_ONLY___ ═
2025-07-15 13:40:58,613 INFO     ___FILE_ONLY___ ═
2025-07-15 13:40:58,615 INFO     ___FILE_ONLY___ ═
2025-07-15 13:40:58,618 INFO     ___FILE_ONLY___ ═
2025-07-15 13:40:58,620 INFO     ___FILE_ONLY___ ═
2025-07-15 13:40:58,622 INFO     ___FILE_ONLY___ ═
2025-07-15 13:40:58,625 INFO     ___FILE_ONLY___ ═
2025-07-15 13:40:58,627 INFO     ___FILE_ONLY___ ═
2025-07-15 13:40:58,630 INFO     ___FILE_ONLY___ ═
2025-07-15 13:40:58,632 INFO     ___FILE_ONLY___ ═
2025-07-15 13:40:58,634 INFO     ___FILE_ONLY___ ═
2025-07-15 13:40:58,635 INFO     ___FILE_ONLY___ ═
2025-07-15 13:40:58,637 INFO     ___FILE_ONLY___ ═
2025-07-15 13:40:58,639 INFO     ___FILE_ONLY___ ═
2025-07-15 13:40:58,641 INFO     ___FILE_ONLY___ ═
2025-07-15 13:40:58,643 INFO     ___FILE_ONLY___ ═
2025-07-15 13:40:58,647 INFO     ___FILE_ONLY___ ═
2025-07-15 13:40:58,649 INFO     ___FILE_ONLY___ ═
2025-07-15 13:40:58,651 INFO     ___FILE_ONLY___ ═
2025-07-15 13:40:58,653 INFO     ___FILE_ONLY___ ═
2025-07-15 13:40:58,656 INFO     ___FILE_ONLY___ ═
2025-07-15 13:40:58,658 INFO     ___FILE_ONLY___ ═
2025-07-15 13:40:58,665 INFO     ___FILE_ONLY___ ═
2025-07-15 13:40:58,671 INFO     ___FILE_ONLY___ ═
2025-07-15 13:40:58,675 INFO     ___FILE_ONLY___ ═
2025-07-15 13:40:58,677 INFO     ___FILE_ONLY___ ═
2025-07-15 13:40:58,679 INFO     ___FILE_ONLY___ ═
2025-07-15 13:40:58,682 INFO     ___FILE_ONLY___ ═
2025-07-15 13:40:58,683 INFO     ___FILE_ONLY___ ═
2025-07-15 13:40:58,687 INFO     ___FILE_ONLY___ ═
2025-07-15 13:40:58,690 INFO     ___FILE_ONLY___ ═
2025-07-15 13:40:58,692 INFO     ___FILE_ONLY___ ═
2025-07-15 13:40:58,694 INFO     ___FILE_ONLY___ ═
2025-07-15 13:40:58,696 INFO     ___FILE_ONLY___ ═
2025-07-15 13:40:58,698 INFO     ___FILE_ONLY___ ═
2025-07-15 13:40:58,700 INFO     ___FILE_ONLY___ ═
2025-07-15 13:40:58,702 INFO     ___FILE_ONLY___ ═
2025-07-15 13:40:58,704 INFO     ___FILE_ONLY___ ═
2025-07-15 13:40:58,706 INFO     ___FILE_ONLY___ ═
2025-07-15 13:40:58,708 INFO     ___FILE_ONLY___ ═
2025-07-15 13:40:58,711 INFO     ___FILE_ONLY___ ═
2025-07-15 13:40:58,712 INFO     ___FILE_ONLY___ ═
2025-07-15 13:40:58,714 INFO     ___FILE_ONLY___ ═
2025-07-15 13:40:58,716 INFO     ___FILE_ONLY___ ═
2025-07-15 13:40:58,718 INFO     ___FILE_ONLY___ ═
2025-07-15 13:40:58,720 INFO     ___FILE_ONLY___ ═
2025-07-15 13:40:58,722 INFO     ___FILE_ONLY___ ═
2025-07-15 13:40:58,722 INFO     ___FILE_ONLY___ ╝

2025-07-15 13:40:58,730 INFO     ___FILE_ONLY___ ╔════════════════════════════════════════════════════════════╗

2025-07-15 13:40:58,730 INFO     ___FILE_ONLY___ ╠═ Installing: BigQuery Command Line Tool (Platform Spec... ═╣

2025-07-15 13:40:58,730 INFO     ___FILE_ONLY___ ╚
2025-07-15 13:40:58,731 INFO     ___FILE_ONLY___ ════════════════════════════════════════════════════════════
2025-07-15 13:40:58,731 INFO     ___FILE_ONLY___ ╝

2025-07-15 13:40:58,737 INFO     ___FILE_ONLY___ ╔════════════════════════════════════════════════════════════╗

2025-07-15 13:40:58,737 INFO     ___FILE_ONLY___ ╠═ Installing: Bundled Python 3.12                          ═╣

2025-07-15 13:40:58,737 INFO     ___FILE_ONLY___ ╚
2025-07-15 13:40:58,740 INFO     ___FILE_ONLY___ ════════════════════════════════════════════════════════════
2025-07-15 13:40:58,740 INFO     ___FILE_ONLY___ ╝

2025-07-15 13:40:58,742 INFO     ___FILE_ONLY___ ╔════════════════════════════════════════════════════════════╗

2025-07-15 13:40:58,742 INFO     ___FILE_ONLY___ ╠═ Installing: Bundled Python 3.12 (Platform Specific)      ═╣

2025-07-15 13:40:58,742 INFO     ___FILE_ONLY___ ╚
2025-07-15 13:41:00,965 INFO     ___FILE_ONLY___ ═
2025-07-15 13:41:00,976 INFO     ___FILE_ONLY___ ═
2025-07-15 13:41:00,987 INFO     ___FILE_ONLY___ ═
2025-07-15 13:41:00,999 INFO     ___FILE_ONLY___ ═
2025-07-15 13:41:01,011 INFO     ___FILE_ONLY___ ═
2025-07-15 13:41:01,023 INFO     ___FILE_ONLY___ ═
2025-07-15 13:41:01,035 INFO     ___FILE_ONLY___ ═
2025-07-15 13:41:01,047 INFO     ___FILE_ONLY___ ═
2025-07-15 13:41:01,058 INFO     ___FILE_ONLY___ ═
2025-07-15 13:41:01,069 INFO     ___FILE_ONLY___ ═
2025-07-15 13:41:01,080 INFO     ___FILE_ONLY___ ═
2025-07-15 13:41:01,092 INFO     ___FILE_ONLY___ ═
2025-07-15 13:41:01,104 INFO     ___FILE_ONLY___ ═
2025-07-15 13:41:01,115 INFO     ___FILE_ONLY___ ═
2025-07-15 13:41:01,127 INFO     ___FILE_ONLY___ ═
2025-07-15 13:41:01,139 INFO     ___FILE_ONLY___ ═
2025-07-15 13:41:01,151 INFO     ___FILE_ONLY___ ═
2025-07-15 13:41:01,163 INFO     ___FILE_ONLY___ ═
2025-07-15 13:41:01,174 INFO     ___FILE_ONLY___ ═
2025-07-15 13:41:01,186 INFO     ___FILE_ONLY___ ═
2025-07-15 13:41:01,198 INFO     ___FILE_ONLY___ ═
2025-07-15 13:41:01,210 INFO     ___FILE_ONLY___ ═
2025-07-15 13:41:01,222 INFO     ___FILE_ONLY___ ═
2025-07-15 13:41:01,234 INFO     ___FILE_ONLY___ ═
2025-07-15 13:41:01,246 INFO     ___FILE_ONLY___ ═
2025-07-15 13:41:01,258 INFO     ___FILE_ONLY___ ═
2025-07-15 13:41:01,269 INFO     ___FILE_ONLY___ ═
2025-07-15 13:41:01,281 INFO     ___FILE_ONLY___ ═
2025-07-15 13:41:01,293 INFO     ___FILE_ONLY___ ═
2025-07-15 13:41:01,305 INFO     ___FILE_ONLY___ ═
2025-07-15 13:41:01,317 INFO     ___FILE_ONLY___ ═
2025-07-15 13:41:01,328 INFO     ___FILE_ONLY___ ═
2025-07-15 13:41:01,340 INFO     ___FILE_ONLY___ ═
2025-07-15 13:41:01,353 INFO     ___FILE_ONLY___ ═
2025-07-15 13:41:01,369 INFO     ___FILE_ONLY___ ═
2025-07-15 13:41:01,384 INFO     ___FILE_ONLY___ ═
2025-07-15 13:41:02,259 INFO     ___FILE_ONLY___ ═
2025-07-15 13:41:02,282 INFO     ___FILE_ONLY___ ═
2025-07-15 13:41:02,785 INFO     ___FILE_ONLY___ ═
2025-07-15 13:41:02,803 INFO     ___FILE_ONLY___ ═
2025-07-15 13:41:02,824 INFO     ___FILE_ONLY___ ═
2025-07-15 13:41:02,848 INFO     ___FILE_ONLY___ ═
2025-07-15 13:41:02,867 INFO     ___FILE_ONLY___ ═
2025-07-15 13:41:02,894 INFO     ___FILE_ONLY___ ═
2025-07-15 13:41:02,914 INFO     ___FILE_ONLY___ ═
2025-07-15 13:41:02,932 INFO     ___FILE_ONLY___ ═
2025-07-15 13:41:02,948 INFO     ___FILE_ONLY___ ═
2025-07-15 13:41:02,965 INFO     ___FILE_ONLY___ ═
2025-07-15 13:41:03,055 INFO     ___FILE_ONLY___ ═
2025-07-15 13:41:03,073 INFO     ___FILE_ONLY___ ═
2025-07-15 13:41:03,214 INFO     ___FILE_ONLY___ ═
2025-07-15 13:41:03,230 INFO     ___FILE_ONLY___ ═
2025-07-15 13:41:03,247 INFO     ___FILE_ONLY___ ═
2025-07-15 13:41:03,263 INFO     ___FILE_ONLY___ ═
2025-07-15 13:41:03,278 INFO     ___FILE_ONLY___ ═
2025-07-15 13:41:03,296 INFO     ___FILE_ONLY___ ═
2025-07-15 13:41:03,312 INFO     ___FILE_ONLY___ ═
2025-07-15 13:41:03,328 INFO     ___FILE_ONLY___ ═
2025-07-15 13:41:03,356 INFO     ___FILE_ONLY___ ═
2025-07-15 13:41:03,845 INFO     ___FILE_ONLY___ ═
2025-07-15 13:41:03,845 INFO     ___FILE_ONLY___ ╝

2025-07-15 13:41:03,899 INFO     ___FILE_ONLY___ ╔════════════════════════════════════════════════════════════╗

2025-07-15 13:41:03,899 INFO     ___FILE_ONLY___ ╠═ Installing: Cloud Storage Command Line Tool              ═╣

2025-07-15 13:41:03,899 INFO     ___FILE_ONLY___ ╚
2025-07-15 13:41:04,458 INFO     ___FILE_ONLY___ ═
2025-07-15 13:41:04,470 INFO     ___FILE_ONLY___ ═
2025-07-15 13:41:04,480 INFO     ___FILE_ONLY___ ═
2025-07-15 13:41:04,490 INFO     ___FILE_ONLY___ ═
2025-07-15 13:41:04,499 INFO     ___FILE_ONLY___ ═
2025-07-15 13:41:04,535 INFO     ___FILE_ONLY___ ═
2025-07-15 13:41:04,548 INFO     ___FILE_ONLY___ ═
2025-07-15 13:41:04,563 INFO     ___FILE_ONLY___ ═
2025-07-15 13:41:04,578 INFO     ___FILE_ONLY___ ═
2025-07-15 13:41:04,593 INFO     ___FILE_ONLY___ ═
2025-07-15 13:41:04,611 INFO     ___FILE_ONLY___ ═
2025-07-15 13:41:04,622 INFO     ___FILE_ONLY___ ═
2025-07-15 13:41:04,634 INFO     ___FILE_ONLY___ ═
2025-07-15 13:41:04,642 INFO     ___FILE_ONLY___ ═
2025-07-15 13:41:04,652 INFO     ___FILE_ONLY___ ═
2025-07-15 13:41:04,668 INFO     ___FILE_ONLY___ ═
2025-07-15 13:41:04,682 INFO     ___FILE_ONLY___ ═
2025-07-15 13:41:04,691 INFO     ___FILE_ONLY___ ═
2025-07-15 13:41:04,703 INFO     ___FILE_ONLY___ ═
2025-07-15 13:41:04,714 INFO     ___FILE_ONLY___ ═
2025-07-15 13:41:04,724 INFO     ___FILE_ONLY___ ═
2025-07-15 13:41:04,736 INFO     ___FILE_ONLY___ ═
2025-07-15 13:41:04,746 INFO     ___FILE_ONLY___ ═
2025-07-15 13:41:04,757 INFO     ___FILE_ONLY___ ═
2025-07-15 13:41:04,767 INFO     ___FILE_ONLY___ ═
2025-07-15 13:41:04,777 INFO     ___FILE_ONLY___ ═
2025-07-15 13:41:04,787 INFO     ___FILE_ONLY___ ═
2025-07-15 13:41:04,801 INFO     ___FILE_ONLY___ ═
2025-07-15 13:41:04,817 INFO     ___FILE_ONLY___ ═
2025-07-15 13:41:04,829 INFO     ___FILE_ONLY___ ═
2025-07-15 13:41:04,841 INFO     ___FILE_ONLY___ ═
2025-07-15 13:41:04,862 INFO     ___FILE_ONLY___ ═
2025-07-15 13:41:04,878 INFO     ___FILE_ONLY___ ═
2025-07-15 13:41:04,896 INFO     ___FILE_ONLY___ ═
2025-07-15 13:41:04,910 INFO     ___FILE_ONLY___ ═
2025-07-15 13:41:04,927 INFO     ___FILE_ONLY___ ═
2025-07-15 13:41:04,937 INFO     ___FILE_ONLY___ ═
2025-07-15 13:41:04,947 INFO     ___FILE_ONLY___ ═
2025-07-15 13:41:04,982 INFO     ___FILE_ONLY___ ═
2025-07-15 13:41:04,996 INFO     ___FILE_ONLY___ ═
2025-07-15 13:41:05,008 INFO     ___FILE_ONLY___ ═
2025-07-15 13:41:05,018 INFO     ___FILE_ONLY___ ═
2025-07-15 13:41:05,028 INFO     ___FILE_ONLY___ ═
2025-07-15 13:41:05,039 INFO     ___FILE_ONLY___ ═
2025-07-15 13:41:05,049 INFO     ___FILE_ONLY___ ═
2025-07-15 13:41:05,059 INFO     ___FILE_ONLY___ ═
2025-07-15 13:41:05,069 INFO     ___FILE_ONLY___ ═
2025-07-15 13:41:05,078 INFO     ___FILE_ONLY___ ═
2025-07-15 13:41:05,088 INFO     ___FILE_ONLY___ ═
2025-07-15 13:41:05,100 INFO     ___FILE_ONLY___ ═
2025-07-15 13:41:05,115 INFO     ___FILE_ONLY___ ═
2025-07-15 13:41:05,128 INFO     ___FILE_ONLY___ ═
2025-07-15 13:41:05,141 INFO     ___FILE_ONLY___ ═
2025-07-15 13:41:05,154 INFO     ___FILE_ONLY___ ═
2025-07-15 13:41:05,166 INFO     ___FILE_ONLY___ ═
2025-07-15 13:41:05,180 INFO     ___FILE_ONLY___ ═
2025-07-15 13:41:05,196 INFO     ___FILE_ONLY___ ═
2025-07-15 13:41:05,217 INFO     ___FILE_ONLY___ ═
2025-07-15 13:41:05,233 INFO     ___FILE_ONLY___ ═
2025-07-15 13:41:05,250 INFO     ___FILE_ONLY___ ═
2025-07-15 13:41:05,251 INFO     ___FILE_ONLY___ ╝

2025-07-15 13:41:05,281 INFO     ___FILE_ONLY___ ╔════════════════════════════════════════════════════════════╗

2025-07-15 13:41:05,282 INFO     ___FILE_ONLY___ ╠═ Installing: Cloud Storage Command Line Tool (Platform... ═╣

2025-07-15 13:41:05,282 INFO     ___FILE_ONLY___ ╚
2025-07-15 13:41:05,282 INFO     ___FILE_ONLY___ ════════════════════════════════════════════════════════════
2025-07-15 13:41:05,282 INFO     ___FILE_ONLY___ ╝

2025-07-15 13:41:05,287 INFO     ___FILE_ONLY___ ╔════════════════════════════════════════════════════════════╗

2025-07-15 13:41:05,287 INFO     ___FILE_ONLY___ ╠═ Installing: Default set of gcloud commands               ═╣

2025-07-15 13:41:05,287 INFO     ___FILE_ONLY___ ╚
2025-07-15 13:41:05,290 INFO     ___FILE_ONLY___ ════════════════════════════════════════════════════════════
2025-07-15 13:41:05,290 INFO     ___FILE_ONLY___ ╝

2025-07-15 13:41:05,291 INFO     ___FILE_ONLY___ ╔════════════════════════════════════════════════════════════╗

2025-07-15 13:41:05,291 INFO     ___FILE_ONLY___ ╠═ Installing: Google Cloud CLI Core Libraries (Platform... ═╣

2025-07-15 13:41:05,292 INFO     ___FILE_ONLY___ ╚
2025-07-15 13:41:05,292 INFO     ___FILE_ONLY___ ══════════════════════════════
2025-07-15 13:41:05,293 INFO     ___FILE_ONLY___ ══════════════════════════════
2025-07-15 13:41:05,293 INFO     ___FILE_ONLY___ ╝

2025-07-15 13:41:05,297 INFO     ___FILE_ONLY___ ╔════════════════════════════════════════════════════════════╗

2025-07-15 13:41:05,297 INFO     ___FILE_ONLY___ ╠═ Installing: Google Cloud CRC32C Hash Tool                ═╣

2025-07-15 13:41:05,297 INFO     ___FILE_ONLY___ ╚
2025-07-15 13:41:05,300 INFO     ___FILE_ONLY___ ════════════════════════════════════════════════════════════
2025-07-15 13:41:05,300 INFO     ___FILE_ONLY___ ╝

2025-07-15 13:41:05,301 INFO     ___FILE_ONLY___ ╔════════════════════════════════════════════════════════════╗

2025-07-15 13:41:05,301 INFO     ___FILE_ONLY___ ╠═ Installing: Google Cloud CRC32C Hash Tool (Platform S... ═╣

2025-07-15 13:41:05,301 INFO     ___FILE_ONLY___ ╚
2025-07-15 13:41:05,340 INFO     ___FILE_ONLY___ ══════════════════════════════
2025-07-15 13:41:05,341 INFO     ___FILE_ONLY___ ══════════════════════════════
2025-07-15 13:41:05,341 INFO     ___FILE_ONLY___ ╝

2025-07-15 13:41:05,346 INFO     ___FILE_ONLY___ ╔════════════════════════════════════════════════════════════╗

2025-07-15 13:41:05,346 INFO     ___FILE_ONLY___ ╠═ Installing: gcloud cli dependencies (Platform Specific)  ═╣

2025-07-15 13:41:05,346 INFO     ___FILE_ONLY___ ╚
2025-07-15 13:41:05,346 INFO     ___FILE_ONLY___ ════════════════════════════════════════════════════════════
2025-07-15 13:41:05,346 INFO     ___FILE_ONLY___ ╝

2025-07-15 13:41:05,351 DEBUG    root            Updating notification cache...
2025-07-15 13:41:05,351 INFO     ___FILE_ONLY___ 

2025-07-15 13:41:05,353 INFO     ___FILE_ONLY___ Performing post processing steps...
2025-07-15 13:41:05,354 DEBUG    root            Executing command: ['/tools/google-cloud-sdk/bin/gcloud', 'components', 'post-process']
2025-07-15 13:41:14,404 DEBUG    ___FILE_ONLY___ 
2025-07-15 13:41:14,405 DEBUG    ___FILE_ONLY___ 
2025-07-15 13:41:14,637 INFO     root            descriptor_list: [{'universeDomain': 'googleapis.com', 'universeShortName': '', 'authenticationDomain': 'auth.cloud.google.com', 'projectPrefix': '', 'cloudWebDomain': 'cloud.google.com', 'documentationDomain': 'cloud.google.com', 'version': '1.0.0', 'state': 'primary', 'artifactRegistryDomain': 'pkg.dev'}]
2025-07-15 13:41:14,637 INFO     ___FILE_ONLY___ 
Update done!


2025-07-15 13:41:14,640 DEBUG    root            Chosen display Format:none
2025-07-15 13:41:14,640 INFO     root            Display format: "none"
